<?xml version="1.0" encoding="UTF-8"?>
<testsuite xmlns:xsi="http://www.w3.org/2001/XMLSchema-instance" xsi:noNamespaceSchemaLocation="https://maven.apache.org/surefire/maven-surefire-plugin/xsd/surefire-test-report-3.0.xsd" version="3.0" name="com.sparkage.identity.IdentityServiceApplicationTests" time="2.474" tests="1" errors="0" skipped="0" failures="0">
  <properties>
[...]
</properties>
  <testcase name="contextLoads" classname="com.sparkage.identity.IdentityServiceApplicationTests" time="0.586">
    <system-out><![CDATA[11:16:06.963 [main] INFO org.springframework.test.context.support.AnnotationConfigContextLoaderUtils -- Could not detect default configuration classes for test class [com.sparkage.identity.IdentityServiceApplicationTests]: IdentityServiceApplicationTests does not declare any static, non-private, non-final, nested classes annotated with @Configuration.
11:16:07.042 [main] INFO org.springframework.boot.test.context.SpringBootTestContextBootstrapper -- Found @SpringBootConfiguration com.sparkage.identity.IdentityServiceApplication for test class com.sparkage.identity.IdentityServiceApplicationTests

  .   ____          _            __ _ _
 /\\ / ___'_ __ _ _(_)_ __  __ _ \ \ \ \
( ( )\___ | '_ | '_| | '_ \/ _` | \ \ \ \
 \\/  ___)| |_)| | | | | || (_| |  ) ) ) )
  '  |____| .__|_| |_|_| |_\__, | / / / /
 =========|_|==============|___/=/_/_/_/

 :: Spring Boot ::                (v3.3.3)

2025-08-22T11:16:07.315+05:30  INFO 43328 --- [identity-service] [           main] c.s.i.IdentityServiceApplicationTests    : Starting IdentityServiceApplicationTests using Java 17.0.15 with PID 43328 (started by kayisrahman in /Users/kayisrahman/Documents/College/Research/project/mis-cloud-native-reseach/services/identity)
2025-08-22T11:16:07.316+05:30  INFO 43328 --- [identity-service] [           main] c.s.i.IdentityServiceApplicationTests    : No active profile set, falling back to 1 default profile: "default"
2025-08-22T11:16:08.627+05:30  INFO 43328 --- [identity-service] [           main] o.s.b.a.e.web.EndpointLinksResolver      : Exposing 2 endpoints beneath base path '/actuator'
2025-08-22T11:16:08.672+05:30  INFO 43328 --- [identity-service] [           main] c.s.i.IdentityServiceApplicationTests    : Started IdentityServiceApplicationTests in 1.538 seconds (process running for 2.205)
]]></system-out>
  </testcase>
</testsuite>